# JRE version: OpenJDK Runtime Environment (8.0_332-b09) (build 1.8.0_332-b09)
# Java VM: OpenJDK 64-Bit Server VM (25.332-b09 mixed mode windows-amd64 compressed oops)
Heap:
 PSYoungGen      total 140800K, used 8128K [0x0000012fe8580000, 0x0000012ff9880000, 0x000001303ce00000)
  eden space 130048K, 6% used [0x0000012fe8580000,0x0000012fe8d70290,0x0000012ff0480000)
  from space 10752K, 0% used [0x0000012ff0480000,0x0000012ff0480000,0x0000012ff0f00000)
  to   space 10752K, 0% used [0x0000012ff8e00000,0x0000012ff8e00000,0x0000012ff9880000)
 ParOldGen       total 143360K, used 20610K [0x0000012f3f400000, 0x0000012f48000000, 0x0000012fe8580000)
  object space 143360K, 14% used [0x0000012f3f400000,0x0000012f40820a38,0x0000012f48000000)
 Metaspace       used 21461K, capacity 21744K, committed 22016K, reserved 1069056K
  class space    used 2712K, capacity 2788K, committed 2816K, reserved 1048576K
GC Heap History (8 events):
Event: 0.606 GC heap before
{Heap before GC invocations=1 (full 0):
 PSYoungGen      total 75776K, used 65024K [0x0000012fe8580000, 0x0000012feda00000, 0x000001303ce00000)
  eden space 65024K, 100% used [0x0000012fe8580000,0x0000012fec500000,0x0000012fec500000)
  from space 10752K, 0% used [0x0000012fecf80000,0x0000012fecf80000,0x0000012feda00000)
  to   space 10752K, 0% used [0x0000012fec500000,0x0000012fec500000,0x0000012fecf80000)
 ParOldGen       total 173568K, used 0K [0x0000012f3f400000, 0x0000012f49d80000, 0x0000012fe8580000)
  object space 173568K, 0% used [0x0000012f3f400000,0x0000012f3f400000,0x0000012f49d80000)
 Metaspace       used 8598K, capacity 8680K, committed 8832K, reserved 1056768K
  class space    used 1030K, capacity 1076K, committed 1152K, reserved 1048576K
Event: 0.613 GC heap after
Heap after GC invocations=1 (full 0):
 PSYoungGen      total 75776K, used 10742K [0x0000012fe8580000, 0x0000012ff1980000, 0x000001303ce00000)
  eden space 65024K, 0% used [0x0000012fe8580000,0x0000012fe8580000,0x0000012fec500000)
  from space 10752K, 99% used [0x0000012fec500000,0x0000012fecf7da20,0x0000012fecf80000)
  to   space 10752K, 0% used [0x0000012ff0f00000,0x0000012ff0f00000,0x0000012ff1980000)
 ParOldGen       total 173568K, used 4833K [0x0000012f3f400000, 0x0000012f49d80000, 0x0000012fe8580000)
  object space 173568K, 2% used [0x0000012f3f400000,0x0000012f3f8b8460,0x0000012f49d80000)
 Metaspace       used 8598K, capacity 8680K, committed 8832K, reserved 1056768K
  class space    used 1030K, capacity 1076K, committed 1152K, reserved 1048576K
}
Event: 1.160 GC heap before
{Heap before GC invocations=2 (full 0):
 PSYoungGen      total 75776K, used 75766K [0x0000012fe8580000, 0x0000012ff1980000, 0x000001303ce00000)
  eden space 65024K, 100% used [0x0000012fe8580000,0x0000012fec500000,0x0000012fec500000)
  from space 10752K, 99% used [0x0000012fec500000,0x0000012fecf7da20,0x0000012fecf80000)
  to   space 10752K, 0% used [0x0000012ff0f00000,0x0000012ff0f00000,0x0000012ff1980000)
 ParOldGen       total 173568K, used 4833K [0x0000012f3f400000, 0x0000012f49d80000, 0x0000012fe8580000)
  object space 173568K, 2% used [0x0000012f3f400000,0x0000012f3f8b8460,0x0000012f49d80000)
 Metaspace       used 15817K, capacity 15946K, committed 16256K, reserved 1062912K
  class space    used 2045K, capacity 2079K, committed 2176K, reserved 1048576K
Event: 1.171 GC heap after
Heap after GC invocations=2 (full 0):
 PSYoungGen      total 140800K, used 10728K [0x0000012fe8580000, 0x0000012ff1980000, 0x000001303ce00000)
  eden space 130048K, 0% used [0x0000012fe8580000,0x0000012fe8580000,0x0000012ff0480000)
  from space 10752K, 99% used [0x0000012ff0f00000,0x0000012ff197a140,0x0000012ff1980000)
  to   space 10752K, 0% used [0x0000012ff0480000,0x0000012ff0480000,0x0000012ff0f00000)
 ParOldGen       total 173568K, used 19760K [0x0000012f3f400000, 0x0000012f49d80000, 0x0000012fe8580000)
  object space 173568K, 11% used [0x0000012f3f400000,0x0000012f4074c278,0x0000012f49d80000)
 Metaspace       used 15817K, capacity 15946K, committed 16256K, reserved 1062912K
  class space    used 2045K, capacity 2079K, committed 2176K, reserved 1048576K
}
Event: 1.959 GC heap before
{Heap before GC invocations=3 (full 0):
 PSYoungGen      total 140800K, used 82351K [0x0000012fe8580000, 0x0000012ff1980000, 0x000001303ce00000)
  eden space 130048K, 55% used [0x0000012fe8580000,0x0000012fecb71b18,0x0000012ff0480000)
  from space 10752K, 99% used [0x0000012ff0f00000,0x0000012ff197a140,0x0000012ff1980000)
  to   space 10752K, 0% used [0x0000012ff0480000,0x0000012ff0480000,0x0000012ff0f00000)
 ParOldGen       total 173568K, used 19760K [0x0000012f3f400000, 0x0000012f49d80000, 0x0000012fe8580000)
  object space 173568K, 11% used [0x0000012f3f400000,0x0000012f4074c278,0x0000012f49d80000)
 Metaspace       used 20844K, capacity 21104K, committed 21248K, reserved 1067008K
  class space    used 2636K, capacity 2724K, committed 2816K, reserved 1048576K
Event: 1.969 GC heap after
Heap after GC invocations=3 (full 0):
 PSYoungGen      total 140800K, used 10724K [0x0000012fe8580000, 0x0000012ff9880000, 0x000001303ce00000)
  eden space 130048K, 0% used [0x0000012fe8580000,0x0000012fe8580000,0x0000012ff0480000)
  from space 10752K, 99% used [0x0000012ff0480000,0x0000012ff0ef9390,0x0000012ff0f00000)
  to   space 10752K, 0% used [0x0000012ff8e00000,0x0000012ff8e00000,0x0000012ff9880000)
 ParOldGen       total 173568K, used 24307K [0x0000012f3f400000, 0x0000012f49d80000, 0x0000012fe8580000)
  object space 173568K, 14% used [0x0000012f3f400000,0x0000012f40bbcde0,0x0000012f49d80000)
 Metaspace       used 20844K, capacity 21104K, committed 21248K, reserved 1067008K
  class space    used 2636K, capacity 2724K, committed 2816K, reserved 1048576K
}
Event: 1.969 GC heap before
{Heap before GC invocations=4 (full 1):
 PSYoungGen      total 140800K, used 10724K [0x0000012fe8580000, 0x0000012ff9880000, 0x000001303ce00000)
  eden space 130048K, 0% used [0x0000012fe8580000,0x0000012fe8580000,0x0000012ff0480000)
  from space 10752K, 99% used [0x0000012ff0480000,0x0000012ff0ef9390,0x0000012ff0f00000)
  to   space 10752K, 0% used [0x0000012ff8e00000,0x0000012ff8e00000,0x0000012ff9880000)
 ParOldGen       total 173568K, used 24307K [0x0000012f3f400000, 0x0000012f49d80000, 0x0000012fe8580000)
  object space 173568K, 14% used [0x0000012f3f400000,0x0000012f40bbcde0,0x0000012f49d80000)
 Metaspace       used 20844K, capacity 21104K, committed 21248K, reserved 1067008K
  class space    used 2636K, capacity 2724K, committed 2816K, reserved 1048576K
Event: 2.016 GC heap after
Heap after GC invocations=4 (full 1):
 PSYoungGen      total 140800K, used 0K [0x0000012fe8580000, 0x0000012ff9880000, 0x000001303ce00000)
  eden space 130048K, 0% used [0x0000012fe8580000,0x0000012fe8580000,0x0000012ff0480000)
  from space 10752K, 0% used [0x0000012ff0480000,0x0000012ff0480000,0x0000012ff0f00000)
  to   space 10752K, 0% used [0x0000012ff8e00000,0x0000012ff8e00000,0x0000012ff9880000)
 ParOldGen       total 143360K, used 20610K [0x0000012f3f400000, 0x0000012f48000000, 0x0000012fe8580000)
  object space 143360K, 14% used [0x0000012f3f400000,0x0000012f40820a38,0x0000012f48000000)
 Metaspace       used 20844K, capacity 21104K, committed 21248K, reserved 1067008K
  class space    used 2636K, capacity 2724K, committed 2816K, reserved 1048576K
}

